<?xml version="1.0" encoding="UTF-8"?>
<testsuite name="com.dailo.backend.BackendApplicationTests" tests="1" skipped="0" failures="0" errors="0" timestamp="2026-01-15T08:13:50.206Z" hostname="M3ui-MacBookAir.local" time="0.676">
  <properties/>
  <testcase name="contextLoads()" classname="com.dailo.backend.BackendApplicationTests" time="0.676"/>
  <system-out><![CDATA[17:13:49.065 [Test worker] INFO org.springframework.test.context.support.AnnotationConfigContextLoaderUtils -- Could not detect default configuration classes for test class [com.dailo.backend.BackendApplicationTests]: BackendApplicationTests does not declare any static, non-private, non-final, nested classes annotated with @Configuration.
17:13:49.099 [Test worker] INFO org.springframework.boot.test.context.SpringBootTestContextBootstrapper -- Found @SpringBootConfiguration com.dailo.backend.BackendApplication for test class com.dailo.backend.BackendApplicationTests

  .   ____          _            __ _ _
 /\\ / ___'_ __ _ _(_)_ __  __ _ \ \ \ \
( ( )\___ | '_ | '_| | '_ \/ _` | \ \ \ \
 \\/  ___)| |_)| | | | | || (_| |  ) ) ) )
  '  |____| .__|_| |_|_| |_\__, | / / / /
 =========|_|==============|___/=/_/_/_/

 :: Spring Boot ::                (v3.5.9)

2026-01-15T17:13:49.231+09:00  INFO 2802 --- [backend] [    Test worker] c.dailo.backend.BackendApplicationTests  : Starting BackendApplicationTests using Java 17.0.17 with PID 2802 (started by m3air in /Users/m3air/Desktop/Code/Project/Dailo-Project/backend)
2026-01-15T17:13:49.231+09:00  INFO 2802 --- [backend] [    Test worker] c.dailo.backend.BackendApplicationTests  : No active profile set, falling back to 1 default profile: "default"
2026-01-15T17:13:49.442+09:00  INFO 2802 --- [backend] [    Test worker] .s.d.r.c.RepositoryConfigurationDelegate : Bootstrapping Spring Data JPA repositories in DEFAULT mode.
2026-01-15T17:13:49.449+09:00  INFO 2802 --- [backend] [    Test worker] .s.d.r.c.RepositoryConfigurationDelegate : Finished Spring Data repository scanning in 4 ms. Found 0 JPA repository interfaces.
2026-01-15T17:13:49.566+09:00  INFO 2802 --- [backend] [    Test worker] o.hibernate.jpa.internal.util.LogHelper  : HHH000204: Processing PersistenceUnitInfo [name: default]
2026-01-15T17:13:49.581+09:00  INFO 2802 --- [backend] [    Test worker] org.hibernate.Version                    : HHH000412: Hibernate ORM core version 6.6.39.Final
2026-01-15T17:13:49.591+09:00  INFO 2802 --- [backend] [    Test worker] o.h.c.internal.RegionFactoryInitiator    : HHH000026: Second-level cache disabled
2026-01-15T17:13:49.675+09:00  INFO 2802 --- [backend] [    Test worker] o.s.o.j.p.SpringPersistenceUnitInfo      : No LoadTimeWeaver setup: ignoring JPA class transformer
2026-01-15T17:13:49.687+09:00  INFO 2802 --- [backend] [    Test worker] com.zaxxer.hikari.HikariDataSource       : HikariPool-1 - Starting...
2026-01-15T17:13:49.825+09:00  INFO 2802 --- [backend] [    Test worker] com.zaxxer.hikari.pool.HikariPool        : HikariPool-1 - Added connection com.mysql.cj.jdbc.ConnectionImpl@40a28bda
2026-01-15T17:13:49.825+09:00  INFO 2802 --- [backend] [    Test worker] com.zaxxer.hikari.HikariDataSource       : HikariPool-1 - Start completed.
2026-01-15T17:13:49.860+09:00  WARN 2802 --- [backend] [    Test worker] org.hibernate.orm.deprecation            : HHH90000025: MySQLDialect does not need to be specified explicitly using 'hibernate.dialect' (remove the property setting and it will be selected by default)
2026-01-15T17:13:49.868+09:00  INFO 2802 --- [backend] [    Test worker] org.hibernate.orm.connections.pooling    : HHH10001005: Database info:
	Database JDBC URL [Connecting through datasource 'HikariDataSource (HikariPool-1)']
	Database driver: undefined/unknown
	Database version: 9.4
	Autocommit mode: undefined/unknown
	Isolation level: undefined/unknown
	Minimum pool size: undefined/unknown
	Maximum pool size: undefined/unknown
2026-01-15T17:13:49.971+09:00  INFO 2802 --- [backend] [    Test worker] o.h.e.t.j.p.i.JtaPlatformInitiator       : HHH000489: No JTA platform available (set 'hibernate.transaction.jta.platform' to enable JTA platform integration)
2026-01-15T17:13:49.972+09:00  INFO 2802 --- [backend] [    Test worker] j.LocalContainerEntityManagerFactoryBean : Initialized JPA EntityManagerFactory for persistence unit 'default'
2026-01-15T17:13:50.020+09:00  WARN 2802 --- [backend] [    Test worker] JpaBaseConfiguration$JpaWebConfiguration : spring.jpa.open-in-view is enabled by default. Therefore, database queries may be performed during view rendering. Explicitly configure spring.jpa.open-in-view to disable this warning
2026-01-15T17:13:50.201+09:00  INFO 2802 --- [backend] [    Test worker] c.dailo.backend.BackendApplicationTests  : Started BackendApplicationTests in 1.019 seconds (process running for 1.398)
]]></system-out>
  <system-err><![CDATA[]]></system-err>
</testsuite>
